<?xml version="1.0" encoding="utf-8"?><testsuites name="pytest tests"><testsuite name="pytest" errors="0" failures="2" skipped="0" tests="21" time="7.261" timestamp="2026-06-12T17:35:14.702302+00:00" hostname="agent-env-5c11fa81-b800-4821-a611-2cb9e80463c5"><testcase classname="backend.tests.backend_test" name="test_root" time="1.743" /><testcase classname="backend.tests.backend_test.TestAuth" name="test_login_demo" time="0.386" /><testcase classname="backend.tests.backend_test.TestAuth" name="test_login_admin" time="0.371" /><testcase classname="backend.tests.backend_test.TestAuth" name="test_login_wrong_password" time="0.370" /><testcase classname="backend.tests.backend_test.TestAuth" name="test_me_unauthenticated" time="0.089" /><testcase classname="backend.tests.backend_test.TestAuth" name="test_register_and_me" time="0.435" /><testcase classname="backend.tests.backend_test.TestAuth" name="test_register_duplicate" time="0.102" /><testcase classname="backend.tests.backend_test.TestAuth" name="test_logout" time="0.419" /><testcase classname="backend.tests.backend_test" name="test_emission_factors" time="0.098" /><testcase classname="backend.tests.backend_test.TestActivities" name="test_create_activity_co2" time="0.048" /><testcase classname="backend.tests.backend_test.TestActivities" name="test_invalid_category" time="0.048" /><testcase classname="backend.tests.backend_test.TestActivities" name="test_invalid_value" time="0.045" /><testcase classname="backend.tests.backend_test.TestActivities" name="test_list_activities" time="0.055" /><testcase classname="backend.tests.backend_test.TestActivities" name="test_delete_own_activity" time="0.166" /><testcase classname="backend.tests.backend_test.TestActivities" name="test_cannot_delete_others_activity" time="0.426" /><testcase classname="backend.tests.backend_test.TestDashboard" name="test_dashboard_shape" time="0.049" /><testcase classname="backend.tests.backend_test.TestAchievements" name="test_achievements_demo" time="0.048" /><testcase classname="backend.tests.backend_test.TestInsights" name="test_latest_for_new_user" time="0.052" /><testcase classname="backend.tests.backend_test.TestInsights" name="test_generate_no_activities" time="0.403" /><testcase classname="backend.tests.backend_test.TestInsights" name="test_generate_streaming" time="0.410"><failure message="AssertionError: assert 0 &gt; 0&#10; +  where 0 = len('')&#10; +    where '' = &lt;built-in method join of str object at 0xfa36f4440be8&gt;([])&#10; +      where &lt;built-in method join of str object at 0xfa36f4440be8&gt; = ''.join">backend/tests/backend_test.py:222: in test_generate_streaming
    assert len("".join(chunks)) &gt; 0
E   AssertionError: assert 0 &gt; 0
E    +  where 0 = len('')
E    +    where '' = &lt;built-in method join of str object at 0xfa36f4440be8&gt;([])
E    +      where &lt;built-in method join of str object at 0xfa36f4440be8&gt; = ''.join</failure></testcase><testcase classname="backend.tests.backend_test.TestInsights" name="test_latest_after_generate" time="1.217"><failure message="AssertionError: assert (None)&#10; +  where None = &lt;built-in method get of dict object at 0xfa36f16396c0&gt;('text')&#10; +    where &lt;built-in method get of dict object at 0xfa36f16396c0&gt; = {'generated_at': None, 'text': None}.get">backend/tests/backend_test.py:237: in test_latest_after_generate
    assert body.get("text") and len(body["text"]) &gt; 20
E   AssertionError: assert (None)
E    +  where None = &lt;built-in method get of dict object at 0xfa36f16396c0&gt;('text')
E    +    where &lt;built-in method get of dict object at 0xfa36f16396c0&gt; = {'generated_at': None, 'text': None}.get</failure></testcase></testsuite></testsuites>